<?xml version="1.0" encoding="UTF-8"?>
<testsuite name="org.example.TestMain" tests="12" skipped="0" failures="0" errors="0" timestamp="2024-02-26T19:31:28" hostname="JARVIS" time="0.209">
  <properties/>
  <testcase name="coliziuniCicluStudiiContestatii10()" classname="org.example.TestMain" time="0.086"/>
  <testcase name="coliziuniMedie08()" classname="org.example.TestMain" time="0.009"/>
  <testcase name="toateFunctionalitatile12()" classname="org.example.TestMain" time="0.018"/>
  <testcase name="inroleazaSimplu05()" classname="org.example.TestMain" time="0.008"/>
  <testcase name="posteazaMedii01()" classname="org.example.TestMain" time="0.006"/>
  <testcase name="posteazaMediiContestatii02()" classname="org.example.TestMain" time="0.007"/>
  <testcase name="posteazaMediiContestatii03()" classname="org.example.TestMain" time="0.009"/>
  <testcase name="posteazaMediiContestatii04()" classname="org.example.TestMain" time="0.007"/>
  <testcase name="inroleazaCicluStudiiContestatii07()" classname="org.example.TestMain" time="0.011"/>
  <testcase name="inroleazaCicluStudii06()" classname="org.example.TestMain" time="0.01"/>
  <testcase name="coliziuniCicluStudii09()" classname="org.example.TestMain" time="0.02"/>
  <testcase name="exceptieSimplu11()" classname="org.example.TestMain" time="0.007"/>
  <system-out><![CDATA[]]></system-out>
  <system-err><![CDATA[]]></system-err>
</testsuite>
